==========================================
SLURM_JOB_ID = 5793404
SLURM_JOB_NODELIST = e16-24,e17-[01-02,04]
TMPDIR = /tmp/SLURM_5793404
==========================================

Lmod is automatically replacing "openmpi/4.0.2" with "intel-mpi/2019.4.243".

Starting Version 3-08 of code on 32 PEs.

therearebuildings 0therearefoundations 0
Broadcasting information DB:.....
   bcast 1 DB:.....
   bcast 2 DB:.....
   bcast 3 DB:.....
 
 Geolunit bcast S 0  Geolunit bcast S3 0  Geolunit bcast F3 0  
 Geolunit bcast S 1  Geolunit bcast S3 1  Geolunit bcast F3 1  
 Geolunit bcast S 2  Geolunit bcast S3 2  Geolunit bcast F3 2 Starting Mesh generation and Setup 

octor_newtree ... done.... 0.00 seconds
octor_refinetree ...done.... 2.18 seconds
octor_balancetree ... done.... 0.48 seconds
octor_partitiontree ...done.... 9.77 seconds
octor_extractmesh ... done.... 4.48 seconds
etree_correct_properties:..
 id = 0 h/vp=0.065677
 id = 0 minppwlMIN=4.344096
 id = 0 minppwlMAX=24.135761mesh_output ... done....13.10 seconds


Mesh statistics:
            Elements   Nodes      D-nodes    H-nodes
Total      :38364737   39787988   2217535    

Thread      0:1198898    1225658    47443      1250388    
Thread      1:1198898    1238517    62295      1267029    
Thread      2:1198898    1229872    51654      1255849    
Thread      3:1198898    1229789    57200      1257773    
Thread      4:1198898    1230198    45131      1255259    
Thread      5:1198898    1258931    107136     1289485    
Thread      6:1198898    1279361    143534     1309369    
Thread      7:1198898    1265677    117760     1296784    
Thread      8:1198898    1226218    38133      1251153    
Thread      9:1198898    1272446    129284     1297754    
Thread     10:1198898    1249151    84181      1279612    
Thread     11:1198898    1227972    47854      1256358    
Thread     12:1198898    1234694    55565      1266329    
Thread     13:1198898    1260605    115016     1295007    
Thread     14:1198898    1280481    144151     1309988    
Thread     15:1198898    1235872    63547      1268626    
Thread     16:1198898    1238575    47330      1260040    
Thread     17:1198898    1241305    67844      1267165    
Thread     18:1198898    1243834    64188      1269556    
Thread     19:1198898    1244847    77037      1271877    
Thread     20:1198898    1230825    55012      1259079    
Thread     21:1198898    1244149    81498      1279651    
Thread     22:1198898    1250163    87512      1277936    
Thread     23:1198898    1250356    84765      1268048    
Thread     24:1198898    1227943    39834      1252810    
Thread     25:1198898    1250005    69069      1262523    
Thread     26:1198898    1231986    39080      1249612    
Thread     27:1198898    1235232    40935      1251366    
Thread     28:1198898    1238366    38853      1251958    
Thread     29:1198898    1233269    43534      1253434    
Thread     30:1198898    1235920    39389      1253463    
Thread     31:1198899    1245771    31771      1245771    


Maximum leaf level = 12
Minimum leaf level = 9

output_planes_setup:done

 Critical delta t related information: 

	 The minimum h/Vp = 0.065677 


The minimal h  = 185.546875


Solver communication schedule summary:
            dc_p dc_n     ds_p ds_n     ac_p ac_n     as_p as_n     total_ncnt
Thread    0:2    440      0    0        3    24290    0    0        24730   
Thread    1:4    559      1    310      6    27953    1    18683    47505   
Thread    2:4    620      2    422      5    25357    2    21429    47828   
Thread    3:3    765      2    249      4    27219    3    10871    39104   
Thread    4:3    586      2    563      6    24475    3    28237    53861   
Thread    5:6    1201     3    519      6    29353    3    21163    52236   
Thread    6:3    1188     3    765      3    28820    3    21177    51950   
Thread    7:3    710      2    1089     5    30397    3    27402    59598   
Thread    8:3    441      2    384      6    24494    2    24945    50264   
Thread    9:2    779      4    738      5    24529    6    22568    48614   
Thread   10:3    713      3    929      5    29748    5    29666    61056   
Thread   11:5    581      3    631      5    27805    4    27396    56413   
Thread   12:5    770      3    587      6    30865    5    22367    54589   
Thread   13:2    1434     2    903      4    32968    4    22732    58037   
Thread   14:3    1067     3    1494     5    28440    4    29697    60698   
Thread   15:4    799      3    713      6    31955    3    24200    57667   
Thread   16:1    563      2    340      2    20902    3    20111    41916   
Thread   17:4    646      2    794      5    25214    4    26357    53011   
Thread   18:4    482      4    852      5    25240    6    31505    58079   
Thread   19:3    684      4    640      4    26346    5    25540    53210   
Thread   20:4    607      4    473      5    27647    5    25280    54007   
Thread   21:4    1164     4    916      7    34338    5    30703    67121   
Thread   22:2    821      3    942      3    26952    4    29029    57744   
Thread   23:2    802      3    609      2    16890    4    21394    39695   
Thread   24:2    697      5    965      3    24170    7    29996    55828   
Thread   25:1    137      2    893      2    12381    4    26383    39794   
Thread   26:1    329      2    296      3    17297    3    16566    34488   
Thread   27:1    253      2    486      1    15881    4    24673    41293   
Thread   28:1    194      4    492      1    13398    7    29227    43311   
Thread   29:1    449      3    690      2    19716    4    25651    46506   
Thread   30:1    321      3    660      1    17222    4    28759    46962   
Thread   31:0    0        2    458      0    0        6    28555    29013   



Type of source:srfh 

Common source parameters read

  Broadcast general source done 0 
  Broadcast small arrays source srfh done 0 


Force generation:starts

Total forces = 1 
 I/O Force Intitialization ...0.06 s
 Source files ...........done...2.81 s

 Concatenation process...done...0.01 s

 Process       M0   myNumOfForces     myCycles  myNumNodesLoaded  myMemAlloc
    21     4.108997e+30   1             1        8            7.681920e+05
  Non Filtered 

   M0  =  4.108997e+30 Nm  
 Mw = 14.345824
 Total Memory Allocated = 7.681920e+05


Total Source Init Time: 2.97s
solver_run() start

   Message Conventions
     ST   = Simulation time (s)
     APWT = Acumulated Planes Writting time (s)
     ACT  = Acumulated Plane Comm time (s)

Starting time step = 0

 ST= 0.0 APWT=  0.00 ACT=  0.00 BT=  0.00 CT=  0.00 DT=  0.00 ET=  0.00 E1T=  0.00 E2T=  0.00 E3T=  0.00 FT=  0.00 GT=  0.00 HT=  0.00 IT=  0.00 JT=  0.00 KT=  0.00 LT=  0.00 sT=  0.00 Wall Time=  0.23
************************************************** ST= 2.5 APWT=  0.93 ACT=  0.00 BT=  0.93 CT=  0.00 DT=  0.00 ET= 27.02 E1T=  3.39 E2T= 16.11 E3T=  2.93 FT=  0.00 GT=  0.11 HT=  0.03 IT=  2.62 JT=  0.80 KT=  0.12 LT=  0.30 sT=  0.00 Wall Time= 33.80
************************************************** ST= 5.0 APWT=  3.37 ACT=  0.00 BT=  3.37 CT=  0.00 DT=  0.00 ET= 53.96 E1T=  6.75 E2T= 32.23 E3T=  5.83 FT=  0.00 GT=  0.22 HT=  0.06 IT=  4.37 JT=  8.46 KT=  0.24 LT=  0.80 sT=  0.00 Wall Time= 73.36
************************************************** ST= 7.5 APWT=  7.92 ACT=  0.00 BT=  7.92 CT=  0.00 DT=  0.00 ET= 80.84 E1T= 10.06 E2T= 48.35 E3T=  8.70 FT=  0.00 GT=  0.32 HT=  0.08 IT=  6.10 JT= 24.77 KT=  0.37 LT=  1.43 sT=  0.00 Wall Time= 123.70
************************************************** ST= 10.0 APWT= 14.07 ACT=  0.00 BT= 14.07 CT=  0.00 DT=  0.00 ET= 107.74 E1T= 13.39 E2T= 64.49 E3T= 11.56 FT=  0.01 GT=  0.42 HT=  0.11 IT=  7.78 JT= 46.86 KT=  0.49 LT=  2.16 sT=  0.00 Wall Time= 181.52
************************************************** ST= 12.5 APWT= 20.73 ACT=  0.00 BT= 20.73 CT=  0.00 DT=  0.00 ET= 134.69 E1T= 16.74 E2T= 80.61 E3T= 14.43 FT=  0.01 GT=  0.51 HT=  0.13 IT=  9.39 JT= 71.11 KT=  0.61 LT=  2.97 sT=  0.00 Wall Time= 242.03
************************************************** ST= 15.0 APWT= 27.09 ACT=  0.00 BT= 27.09 CT=  0.00 DT=  0.00 ET= 161.52 E1T= 20.04 E2T= 96.73 E3T= 17.27 FT=  0.01 GT=  0.61 HT=  0.16 IT= 10.96 JT= 94.11 KT=  0.73 LT=  5.67 sT=  0.00 Wall Time= 302.74
************************************************** ST= 17.5 APWT= 32.25 ACT=  0.00 BT= 32.25 CT=  0.00 DT=  0.00 ET= 188.36 E1T= 23.35 E2T= 112.82 E3T= 20.10 FT=  0.01 GT=  0.71 HT=  0.18 IT= 12.54 JT= 112.55 KT=  0.83 LT= 14.14 sT=  0.00 Wall Time= 363.46
************************************************** ST= 20.0 APWT= 36.10 ACT=  0.00 BT= 36.10 CT=  0.00 DT=  0.00 ET= 215.26 E1T= 26.71 E2T= 128.91 E3T= 22.99 FT=  0.01 GT=  0.81 HT=  0.20 IT= 14.04 JT= 125.37 KT=  0.93 LT= 29.95 sT=  0.00 Wall Time= 424.57
************************************************** ST= 22.5 APWT= 38.78 ACT=  0.00 BT= 38.78 CT=  0.00 DT=  0.00 ET= 242.26 E1T= 30.10 E2T= 145.02 E3T= 25.90 FT=  0.01 GT=  0.91 HT=  0.22 IT= 15.49 JT= 133.08 KT=  1.02 LT= 52.13 sT=  0.00 Wall Time= 485.82
************************************************** ST= 25.0 APWT= 40.81 ACT=  0.00 BT= 40.81 CT=  0.00 DT=  0.00 ET= 269.27 E1T= 33.52 E2T= 161.11 E3T= 28.81 FT=  0.01 GT=  1.01 HT=  0.24 IT= 16.95 JT= 138.75 KT=  1.10 LT= 76.88 sT=  0.00 Wall Time= 546.95
************************************************** ST= 27.5 APWT= 42.46 ACT=  0.00 BT= 42.46 CT=  0.00 DT=  0.00 ET= 296.30 E1T= 36.95 E2T= 177.20 E3T= 31.72 FT=  0.02 GT=  1.11 HT=  0.27 IT= 18.39 JT= 142.87 KT=  1.20 LT= 103.57 sT=  0.00 Wall Time= 608.09
************************************************** ST= 30.0 APWT= 43.66 ACT=  0.00 BT= 43.66 CT=  0.00 DT=  0.00 ET= 323.34 E1T= 40.37 E2T= 193.31 E3T= 34.65 FT=  0.02 GT=  1.21 HT=  0.29 IT= 19.85 JT= 145.55 KT=  1.29 LT= 132.16 sT=  0.00 Wall Time= 669.27
************************************************** ST= 32.5 APWT= 44.55 ACT=  0.00 BT= 44.55 CT=  0.00 DT=  0.00 ET= 350.38 E1T= 43.79 E2T= 209.42 E3T= 37.57 FT=  0.02 GT=  1.30 HT=  0.31 IT= 21.31 JT= 149.43 KT=  1.37 LT= 159.95 sT=  0.00 Wall Time= 730.56
************************************************** ST= 35.0 APWT= 45.33 ACT=  0.00 BT= 45.33 CT=  0.00 DT=  0.00 ET= 377.39 E1T= 47.19 E2T= 225.52 E3T= 40.48 FT=  0.02 GT=  1.40 HT=  0.33 IT= 22.80 JT= 158.20 KT=  1.46 LT= 183.05 sT=  0.00 Wall Time= 791.91
************************************************** ST= 37.5 APWT= 46.11 ACT=  0.00 BT= 46.12 CT=  0.00 DT=  0.00 ET= 404.39 E1T= 50.58 E2T= 241.63 E3T= 43.40 FT=  0.02 GT=  1.50 HT=  0.36 IT= 24.25 JT= 174.35 KT=  1.56 LT= 198.80 sT=  0.00 Wall Time= 853.28
************************************************** ST= 40.0 APWT= 46.77 ACT=  0.00 BT= 46.77 CT=  0.00 DT=  0.00 ET= 431.38 E1T= 53.96 E2T= 257.76 E3T= 46.30 FT=  0.02 GT=  1.60 HT=  0.38 IT= 25.71 JT= 198.55 KT=  1.65 LT= 207.34 sT=  0.00 Wall Time= 915.34
************************************************** ST= 42.5 APWT= 47.47 ACT=  0.00 BT= 47.47 CT=  0.00 DT=  0.00 ET= 458.37 E1T= 57.35 E2T= 273.87 E3T= 49.21 FT=  0.02 GT=  1.69 HT=  0.40 IT= 27.12 JT= 228.73 KT=  1.76 LT= 210.45 sT=  0.00 Wall Time= 977.95
************************************************** ST= 45.0 APWT= 48.13 ACT=  0.00 BT= 48.13 CT=  0.00 DT=  0.00 ET= 485.73 E1T= 60.76 E2T= 290.33 E3T= 52.11 FT=  0.02 GT=  1.78 HT=  0.42 IT= 28.51 JT= 260.81 KT=  1.89 LT= 211.31 sT=  0.00 Wall Time= 1040.56
************************************************** ST= 47.5 APWT= 48.75 ACT=  0.00 BT= 48.75 CT=  0.00 DT=  0.00 ET= 515.62 E1T= 64.13 E2T= 309.37 E3T= 55.00 FT=  0.03 GT=  1.88 HT=  0.44 IT= 29.90 JT= 290.69 KT=  2.03 LT= 211.92 sT=  0.00 Wall Time= 1103.21
************************************************** ST= 50.0 APWT= 49.44 ACT=  0.00 BT= 49.44 CT=  0.00 DT=  0.00 ET= 550.33 E1T= 67.51 E2T= 333.19 E3T= 57.87 FT=  0.03 GT=  1.97 HT=  0.46 IT= 31.31 JT= 316.13 KT=  2.16 LT= 212.51 sT=  0.00 Wall Time= 1166.29
************************************************** ST= 52.5 APWT= 50.13 ACT=  0.00 BT= 50.14 CT=  0.00 DT=  0.00 ET= 590.24 E1T= 70.88 E2T= 362.29 E3T= 60.72 FT=  0.03 GT=  2.07 HT=  0.49 IT= 32.73 JT= 336.35 KT=  2.28 LT= 213.08 sT=  0.00 Wall Time= 1229.36
************************************************** ST= 55.0 APWT= 50.83 ACT=  0.00 BT= 50.83 CT=  0.00 DT=  0.00 ET= 635.57 E1T= 74.23 E2T= 396.82 E3T= 63.55 FT=  0.03 GT=  2.16 HT=  0.51 IT= 34.16 JT= 351.14 KT=  2.41 LT= 213.71 sT=  0.00 Wall Time= 1292.49
************************************************** ST= 57.5 APWT= 51.47 ACT=  0.00 BT= 51.47 CT=  0.00 DT=  0.00 ET= 686.34 E1T= 77.62 E2T= 436.75 E3T= 66.40 FT=  0.03 GT=  2.26 HT=  0.53 IT= 35.56 JT= 360.53 KT=  2.53 LT= 214.36 sT=  0.00 Wall Time= 1355.58
************************************************** ST= 60.0 APWT= 52.09 ACT=  0.00 BT= 52.09 CT=  0.00 DT=  0.00 ET= 742.01 E1T= 80.99 E2T= 481.62 E3T= 69.23 FT=  0.03 GT=  2.36 HT=  0.55 IT= 37.03 JT= 365.30 KT=  2.65 LT= 215.00 sT=  0.00 Wall Time= 1419.01
************************************************** ST= 62.5 APWT= 52.76 ACT=  0.00 BT= 52.76 CT=  0.00 DT=  0.00 ET= 800.72 E1T= 84.35 E2T= 529.50 E3T= 72.07 FT=  0.04 GT=  2.46 HT=  0.57 IT= 39.14 JT= 366.90 KT=  2.77 LT= 215.50 sT=  0.00 Wall Time= 1482.84
************************************************** ST= 65.0 APWT= 53.41 ACT=  0.00 BT= 53.41 CT=  0.00 DT=  0.00 ET= 860.18 E1T= 87.72 E2T= 578.13 E3T= 74.91 FT=  0.04 GT=  2.57 HT=  0.60 IT= 41.79 JT= 367.58 KT=  2.88 LT= 215.94 sT=  0.00 Wall Time= 1546.96
************************************************** ST= 67.5 APWT= 54.03 ACT=  0.00 BT= 54.03 CT=  0.00 DT=  0.00 ET= 919.72 E1T= 91.11 E2T= 626.81 E3T= 77.75 FT=  0.04 GT=  2.67 HT=  0.62 IT= 44.52 JT= 368.21 KT=  2.99 LT= 216.33 sT=  0.00 Wall Time= 1611.13
************************************************** ST= 70.0 APWT= 54.70 ACT=  0.00 BT= 54.70 CT=  0.00 DT=  0.00 ET= 979.20 E1T= 94.50 E2T= 675.45 E3T= 80.60 FT=  0.04 GT=  2.78 HT=  0.65 IT= 47.32 JT= 368.64 KT=  3.11 LT= 216.87 sT=  0.00 Wall Time= 1675.31
************************************************** ST= 72.5 APWT= 55.77 ACT=  0.00 BT= 55.77 CT=  0.00 DT=  0.00 ET= 1038.63 E1T= 97.88 E2T= 724.07 E3T= 83.41 FT=  0.04 GT=  2.89 HT=  0.67 IT= 49.96 JT= 369.93 KT=  3.22 LT= 217.22 sT=  0.00 Wall Time= 1740.35
************************************************** ST= 75.0 APWT= 56.44 ACT=  0.00 BT= 56.44 CT=  0.00 DT=  0.00 ET= 1098.14 E1T= 101.29 E2T= 772.72 E3T= 86.24 FT=  0.04 GT=  3.00 HT=  0.70 IT= 52.65 JT= 370.53 KT=  3.33 LT= 217.55 sT=  0.00 Wall Time= 1804.40
************************************************** ST= 77.5 APWT= 57.09 ACT=  0.00 BT= 57.09 CT=  0.00 DT=  0.00 ET= 1157.63 E1T= 104.69 E2T= 821.37 E3T= 89.07 FT=  0.04 GT=  3.11 HT=  0.73 IT= 55.34 JT= 371.14 KT=  3.45 LT= 217.91 sT=  0.00 Wall Time= 1868.44
************************************************** ST= 80.0 APWT= 57.72 ACT=  0.00 BT= 57.72 CT=  0.00 DT=  0.00 ET= 1217.09 E1T= 108.06 E2T= 870.01 E3T= 91.90 FT=  0.05 GT=  3.22 HT=  0.75 IT= 58.02 JT= 371.73 KT=  3.56 LT= 218.29 sT=  0.00 Wall Time= 1932.44
************************************************** ST= 82.5 APWT= 58.42 ACT=  0.00 BT= 58.42 CT=  0.00 DT=  0.00 ET= 1276.57 E1T= 111.46 E2T= 918.64 E3T= 94.73 FT=  0.05 GT=  3.33 HT=  0.77 IT= 60.80 JT= 372.32 KT=  3.68 LT= 218.88 sT=  0.00 Wall Time= 1996.83
************************************************** ST= 85.0 APWT= 59.09 ACT=  0.00 BT= 59.09 CT=  0.00 DT=  0.00 ET= 1336.11 E1T= 114.87 E2T= 967.29 E3T= 97.59 FT=  0.05 GT=  3.43 HT=  0.80 IT= 63.56 JT= 372.92 KT=  3.79 LT= 219.18 sT=  0.00 Wall Time= 2060.96
************************************************** ST= 87.5 APWT= 60.58 ACT=  0.00 BT= 60.58 CT=  0.00 DT=  0.00 ET= 1395.62 E1T= 118.24 E2T= 1015.98 E3T= 100.43 FT=  0.05 GT=  3.54 HT=  0.83 IT= 66.28 JT= 374.55 KT=  3.91 LT= 220.38 sT=  0.00 Wall Time= 2127.78
************************************************** ST= 90.0 APWT= 61.23 ACT=  0.00 BT= 61.23 CT=  0.00 DT=  0.00 ET= 1455.07 E1T= 121.63 E2T= 1064.61 E3T= 103.26 FT=  0.05 GT=  3.65 HT=  0.85 IT= 68.81 JT= 377.07 KT=  4.02 LT= 220.90 sT=  0.00 Wall Time= 2193.68
************************************************** ST= 92.5 APWT= 61.93 ACT=  0.00 BT= 61.93 CT=  0.00 DT=  0.00 ET= 1514.55 E1T= 125.01 E2T= 1113.25 E3T= 106.09 FT=  0.05 GT=  3.76 HT=  0.88 IT= 71.52 JT= 377.68 KT=  4.13 LT= 221.27 sT=  0.00 Wall Time= 2257.81
************************************************** ST= 95.0 APWT= 62.63 ACT=  0.00 BT= 62.64 CT=  0.00 DT=  0.00 ET= 1574.01 E1T= 128.39 E2T= 1161.89 E3T= 108.93 FT=  0.05 GT=  3.86 HT=  0.90 IT= 74.26 JT= 378.23 KT=  4.25 LT= 221.65 sT=  0.00 Wall Time= 2321.88
************************************************** ST= 97.5 APWT= 63.29 ACT=  0.00 BT= 63.29 CT=  0.00 DT=  0.00 ET= 1633.49 E1T= 131.78 E2T= 1210.51 E3T= 111.77 FT=  0.05 GT=  3.96 HT=  0.92 IT= 77.03 JT= 378.82 KT=  4.37 LT= 221.97 sT=  0.00 Wall Time= 2385.97
************************************************** ST= 100.0 APWT= 63.94 ACT=  0.00 BT= 63.94 CT=  0.00 DT=  0.00 ET= 1692.97 E1T= 135.16 E2T= 1259.16 E3T= 114.61 FT=  0.06 GT=  4.07 HT=  0.95 IT= 79.76 JT= 379.52 KT=  4.48 LT= 222.29 sT=  0.00 Wall Time= 2450.08
************************************************** ST= 102.5 APWT= 64.61 ACT=  0.00 BT= 64.61 CT=  0.00 DT=  0.00 ET= 1752.50 E1T= 138.55 E2T= 1307.82 E3T= 117.45 FT=  0.06 GT=  4.18 HT=  0.97 IT= 82.53 JT= 380.15 KT=  4.60 LT= 222.64 sT=  0.00 Wall Time= 2514.29
************************************************** ST= 105.0 APWT= 65.29 ACT=  0.00 BT= 65.29 CT=  0.00 DT=  0.00 ET= 1811.96 E1T= 141.92 E2T= 1356.47 E3T= 120.29 FT=  0.06 GT=  4.28 HT=  1.00 IT= 85.27 JT= 380.63 KT=  4.72 LT= 223.13 sT=  0.00 Wall Time= 2578.40
************************************************** ST= 107.5 APWT= 65.92 ACT=  0.00 BT= 65.92 CT=  0.00 DT=  0.00 ET= 1871.43 E1T= 145.30 E2T= 1405.12 E3T= 123.13 FT=  0.06 GT=  4.39 HT=  1.02 IT= 88.04 JT= 381.31 KT=  4.83 LT= 223.41 sT=  0.00 Wall Time= 2642.48
************************************************** ST= 110.0 APWT= 66.55 ACT=  0.00 BT= 66.56 CT=  0.00 DT=  0.00 ET= 1930.92 E1T= 148.69 E2T= 1453.76 E3T= 125.97 FT=  0.06 GT=  4.49 HT=  1.05 IT= 90.73 JT= 382.00 KT=  4.95 LT= 223.71 sT=  0.00 Wall Time= 2706.54
************************************************** ST= 112.5 APWT= 67.24 ACT=  0.00 BT= 67.24 CT=  0.00 DT=  0.00 ET= 1990.38 E1T= 152.06 E2T= 1502.41 E3T= 128.80 FT=  0.06 GT=  4.60 HT=  1.07 IT= 93.49 JT= 382.53 KT=  5.06 LT= 224.14 sT=  0.00 Wall Time= 2770.66
************************************************** ST= 115.0 APWT= 67.91 ACT=  0.00 BT= 67.91 CT=  0.00 DT=  0.00 ET= 2049.84 E1T= 155.44 E2T= 1551.04 E3T= 131.64 FT=  0.06 GT=  4.70 HT=  1.10 IT= 96.25 JT= 383.12 KT=  5.18 LT= 224.52 sT=  0.00 Wall Time= 2834.76
************************************************** ST= 117.5 APWT= 68.58 ACT=  0.00 BT= 68.58 CT=  0.00 DT=  0.00 ET= 2109.30 E1T= 158.81 E2T= 1599.65 E3T= 134.48 FT=  0.07 GT=  4.81 HT=  1.12 IT= 99.00 JT= 383.70 KT=  5.30 LT= 224.88 sT=  0.00 Wall Time= 2898.84
************************************************** ST= 120.0 APWT= 69.22 ACT=  0.00 BT= 69.22 CT=  0.00 DT=  0.00 ET= 2168.81 E1T= 162.20 E2T= 1648.30 E3T= 137.34 FT=  0.07 GT=  4.92 HT=  1.15 IT= 101.66 JT= 384.44 KT=  5.41 LT= 225.27 sT=  0.00 Wall Time= 2963.03
************************************************** ST= 122.5 APWT= 69.91 ACT=  0.00 BT= 69.91 CT=  0.00 DT=  0.00 ET= 2228.34 E1T= 165.59 E2T= 1696.96 E3T= 140.19 FT=  0.07 GT=  5.02 HT=  1.17 IT= 104.48 JT= 384.86 KT=  5.53 LT= 225.69 sT=  0.00 Wall Time= 3027.16
************************************************** ST= 125.0 APWT= 70.60 ACT=  0.00 BT= 70.60 CT=  0.00 DT=  0.00 ET= 2287.82 E1T= 168.98 E2T= 1745.60 E3T= 143.03 FT=  0.07 GT=  5.12 HT=  1.20 IT= 107.25 JT= 385.49 KT=  5.65 LT= 226.03 sT=  0.00 Wall Time= 3091.33
************************************************** ST= 127.5 APWT= 71.22 ACT=  0.00 BT= 71.23 CT=  0.00 DT=  0.00 ET= 2347.31 E1T= 172.36 E2T= 1794.24 E3T= 145.87 FT=  0.07 GT=  5.23 HT=  1.22 IT= 109.95 JT= 386.19 KT=  5.76 LT= 226.37 sT=  0.00 Wall Time= 3155.44
************************************************** ST= 130.0 APWT= 71.83 ACT=  0.00 BT= 71.83 CT=  0.00 DT=  0.00 ET= 2406.80 E1T= 175.75 E2T= 1842.88 E3T= 148.72 FT=  0.07 GT=  5.33 HT=  1.25 IT= 112.64 JT= 386.74 KT=  5.88 LT= 226.88 sT=  0.00 Wall Time= 3219.52
************************************************** ST= 132.5 APWT= 72.49 ACT=  0.00 BT= 72.49 CT=  0.00 DT=  0.00 ET= 2466.29 E1T= 179.12 E2T= 1891.52 E3T= 151.57 FT=  0.07 GT=  5.44 HT=  1.27 IT= 115.40 JT= 387.23 KT=  5.99 LT= 227.35 sT=  0.00 Wall Time= 3283.64
************************************************** ST= 135.0 APWT= 73.14 ACT=  0.00 BT= 73.14 CT=  0.00 DT=  0.00 ET= 2525.76 E1T= 182.50 E2T= 1940.17 E3T= 154.40 FT=  0.07 GT=  5.54 HT=  1.30 IT= 118.15 JT= 387.73 KT=  6.11 LT= 227.73 sT=  0.00 Wall Time= 3347.66
************************************************** ST= 137.5 APWT= 73.76 ACT=  0.00 BT= 73.76 CT=  0.00 DT=  0.00 ET= 2585.26 E1T= 185.87 E2T= 1988.83 E3T= 157.24 FT=  0.08 GT=  5.65 HT=  1.32 IT= 120.79 JT= 388.42 KT=  6.22 LT= 228.13 sT=  0.00 Wall Time= 3411.76
************************************************** ST= 140.0 APWT= 74.40 ACT=  0.00 BT= 74.40 CT=  0.00 DT=  0.00 ET= 2644.76 E1T= 189.25 E2T= 2037.48 E3T= 160.10 FT=  0.08 GT=  5.75 HT=  1.35 IT= 123.54 JT= 388.88 KT=  6.34 LT= 228.61 sT=  0.00 Wall Time= 3475.83
************************************************** ST= 142.5 APWT= 75.09 ACT=  0.00 BT= 75.09 CT=  0.00 DT=  0.00 ET= 2704.33 E1T= 192.66 E2T= 2086.16 E3T= 162.96 FT=  0.08 GT=  5.86 HT=  1.37 IT= 126.31 JT= 389.51 KT=  6.46 LT= 229.00 sT=  0.00 Wall Time= 3540.13
************************************************** ST= 145.0 APWT= 75.76 ACT=  0.00 BT= 75.77 CT=  0.00 DT=  0.00 ET= 2763.82 E1T= 196.06 E2T= 2134.79 E3T= 165.81 FT=  0.08 GT=  5.97 HT=  1.39 IT= 129.01 JT= 390.15 KT=  6.57 LT= 229.36 sT=  0.00 Wall Time= 3604.25
************************************************** ST= 147.5 APWT= 76.42 ACT=  0.00 BT= 76.43 CT=  0.00 DT=  0.00 ET= 2823.28 E1T= 199.42 E2T= 2183.42 E3T= 168.66 FT=  0.08 GT=  6.07 HT=  1.42 IT= 131.69 JT= 390.78 KT=  6.69 LT= 229.79 sT=  0.00 Wall Time= 3668.38
************************************************** ST= 150.0 APWT= 77.03 ACT=  0.00 BT= 77.03 CT=  0.00 DT=  0.00 ET= 2882.77 E1T= 202.81 E2T= 2232.08 E3T= 171.50 FT=  0.08 GT=  6.17 HT=  1.44 IT= 134.35 JT= 391.35 KT=  6.80 LT= 230.33 sT=  0.00 Wall Time= 3732.49
************************************************** ST= 152.5 APWT= 77.70 ACT=  0.00 BT= 77.70 CT=  0.00 DT=  0.00 ET= 2942.25 E1T= 206.20 E2T= 2280.70 E3T= 174.36 FT=  0.08 GT=  6.28 HT=  1.47 IT= 137.15 JT= 391.84 KT=  6.92 LT= 230.72 sT=  0.00 Wall Time= 3796.57
************************************************** ST= 155.0 APWT= 78.34 ACT=  0.00 BT= 78.35 CT=  0.00 DT=  0.00 ET= 3001.71 E1T= 209.57 E2T= 2329.33 E3T= 177.20 FT=  0.09 GT=  6.38 HT=  1.49 IT= 139.84 JT= 392.45 KT=  7.04 LT= 231.17 sT=  0.00 Wall Time= 3860.69
************************************************** ST= 157.5 APWT= 78.98 ACT=  0.00 BT= 78.99 CT=  0.00 DT=  0.00 ET= 3061.21 E1T= 212.96 E2T= 2377.99 E3T= 180.05 FT=  0.09 GT=  6.49 HT=  1.52 IT= 142.56 JT= 392.99 KT=  7.16 LT= 231.65 sT=  0.00 Wall Time= 3924.81
************************************************** ST= 160.0 APWT= 79.62 ACT=  0.00 BT= 79.62 CT=  0.00 DT=  0.00 ET= 3120.69 E1T= 216.32 E2T= 2426.64 E3T= 182.89 FT=  0.09 GT=  6.59 HT=  1.54 IT= 145.30 JT= 393.69 KT=  7.27 LT= 232.04 sT=  0.00 Wall Time= 3989.01
************************************************** ST= 162.5 APWT= 80.31 ACT=  0.00 BT= 80.31 CT=  0.00 DT=  0.00 ET= 3180.22 E1T= 219.72 E2T= 2475.30 E3T= 185.73 FT=  0.09 GT=  6.70 HT=  1.57 IT= 148.05 JT= 394.31 KT=  7.39 LT= 232.43 sT=  0.00 Wall Time= 4053.26
************************************************** ST= 165.0 APWT= 81.09 ACT=  0.00 BT= 81.09 CT=  0.00 DT=  0.00 ET= 3239.63 E1T= 223.06 E2T= 2523.94 E3T= 188.54 FT=  0.09 GT=  6.82 HT=  1.59 IT= 150.75 JT= 397.20 KT=  7.50 LT= 232.92 sT=  0.00 Wall Time= 4119.78
************************************************** ST= 167.5 APWT= 82.93 ACT=  0.00 BT= 82.93 CT=  0.00 DT=  0.00 ET= 3299.12 E1T= 226.44 E2T= 2572.61 E3T= 191.37 FT=  0.09 GT=  6.92 HT=  1.62 IT= 153.34 JT= 398.44 KT=  7.62 LT= 233.44 sT=  0.00 Wall Time= 4185.72
************************************************** ST= 170.0 APWT= 84.81 ACT=  0.00 BT= 84.82 CT=  0.00 DT=  0.00 ET= 3358.23 E1T= 229.60 E2T= 2621.28 E3T= 194.03 FT=  0.09 GT=  7.01 HT=  1.64 IT= 155.26 JT= 399.64 KT=  7.71 LT= 233.97 sT=  0.00 Wall Time= 4250.58
************************************************** ST= 172.5 APWT= 85.52 ACT=  0.00 BT= 85.52 CT=  0.00 DT=  0.00 ET= 3416.71 E1T= 232.47 E2T= 2669.83 E3T= 196.48 FT=  0.09 GT=  7.09 HT=  1.66 IT= 156.38 JT= 401.54 KT=  7.79 LT= 234.41 sT=  0.00 Wall Time= 4313.39
************************************************** ST= 175.0 APWT= 86.75 ACT=  0.00 BT= 86.75 CT=  0.00 DT=  0.00 ET= 3475.22 E1T= 235.36 E2T= 2718.37 E3T= 198.94 FT=  0.10 GT=  7.16 HT=  1.68 IT= 157.49 JT= 403.33 KT=  7.86 LT= 234.89 sT=  0.00 Wall Time= 4376.67
************************************************** ST= 177.5 APWT= 87.37 ACT=  0.00 BT= 87.37 CT=  0.00 DT=  0.00 ET= 3533.72 E1T= 238.25 E2T= 2766.91 E3T= 201.41 FT=  0.10 GT=  7.23 HT=  1.70 IT= 158.60 JT= 405.14 KT=  7.94 LT= 235.36 sT=  0.00 Wall Time= 4439.36
************************************************** ST= 180.0 APWT= 88.02 ACT=  0.00 BT= 88.02 CT=  0.00 DT=  0.00 ET= 3592.23 E1T= 241.15 E2T= 2815.44 E3T= 203.88 FT=  0.10 GT=  7.31 HT=  1.72 IT= 159.71 JT= 406.94 KT=  8.01 LT= 235.94 sT=  0.00 Wall Time= 4502.18
************************************************** ST= 182.5 APWT= 88.68 ACT=  0.00 BT= 88.69 CT=  0.00 DT=  0.00 ET= 3650.73 E1T= 244.04 E2T= 2863.97 E3T= 206.34 FT=  0.10 GT=  7.38 HT=  1.73 IT= 160.83 JT= 408.64 KT=  8.09 LT= 236.47 sT=  0.00 Wall Time= 4564.88
************************************************** ST= 185.0 APWT= 89.38 ACT=  0.00 BT= 89.38 CT=  0.00 DT=  0.00 ET= 3709.25 E1T= 246.94 E2T= 2912.52 E3T= 208.81 FT=  0.10 GT=  7.45 HT=  1.75 IT= 161.97 JT= 410.40 KT=  8.17 LT= 237.00 sT=  0.00 Wall Time= 4627.69
************************************************** ST= 187.5 APWT= 90.03 ACT=  0.00 BT= 90.03 CT=  0.00 DT=  0.00 ET= 3767.75 E1T= 249.83 E2T= 2961.07 E3T= 211.26 FT=  0.10 GT=  7.53 HT=  1.77 IT= 163.09 JT= 412.20 KT=  8.24 LT= 237.49 sT=  0.00 Wall Time= 4690.41
************************************************** ST= 190.0 APWT= 90.67 ACT=  0.00 BT= 90.67 CT=  0.00 DT=  0.00 ET= 3826.24 E1T= 252.73 E2T= 3009.59 E3T= 213.73 FT=  0.10 GT=  7.60 HT=  1.79 IT= 164.19 JT= 413.97 KT=  8.32 LT= 238.05 sT=  0.00 Wall Time= 4753.16
************************************************** ST= 192.5 APWT= 91.36 ACT=  0.00 BT= 91.36 CT=  0.00 DT=  0.00 ET= 3884.76 E1T= 255.65 E2T= 3058.13 E3T= 216.19 FT=  0.10 GT=  7.67 HT=  1.81 IT= 165.29 JT= 416.24 KT=  8.40 LT= 238.53 sT=  0.00 Wall Time= 4816.39
************************************************** ST= 195.0 APWT= 92.58 ACT=  0.00 BT= 92.58 CT=  0.00 DT=  0.00 ET= 3943.25 E1T= 258.53 E2T= 3106.66 E3T= 218.64 FT=  0.11 GT=  7.75 HT=  1.83 IT= 166.40 JT= 417.98 KT=  8.47 LT= 239.16 sT=  0.00 Wall Time= 4879.76
************************************************** ST= 197.5 APWT= 93.27 ACT=  0.00 BT= 93.27 CT=  0.00 DT=  0.00 ET= 4001.75 E1T= 261.42 E2T= 3155.19 E3T= 221.10 FT=  0.11 GT=  7.82 HT=  1.85 IT= 167.52 JT= 419.77 KT=  8.55 LT= 240.17 sT=  0.00 Wall Time= 4943.05
************************************************** ST= 200.0 APWT= 93.99 ACT=  0.00 BT= 94.00 CT=  0.00 DT=  0.00 ET= 4060.22 E1T= 264.30 E2T= 3203.71 E3T= 223.56 FT=  0.11 GT=  7.90 HT=  1.87 IT= 168.61 JT= 422.29 KT=  8.62 LT= 241.11 sT=  0.00 Wall Time= 5006.97

-------------- Running time breakdown ----------------------

Total elements      : 38364737
Simulation duration : 200.10 seconds
Total steps         : 4001
DeltaT used         : 0.050000 seconds
Critical deltaT     : 0.065677 seconds

Total running time  : 11566.92 seconds
  Replicating time  : 0.00 seconds
  Meshing time      : 16.92 seconds
  Solving time      : 5008.27 seconds
Time/step           : 2.89 second
Time/step/(elem/PE) : 0.002411 millisec

------------------------------------------------------------

Replicating time    : 0.000005 seconds
Database size       : 0 bytes
Transfer rate       : 0.00 MB/s

------------------------------------------------------------

Meshing time        : 16.92 seconds
  newtree           : 0.00 seconds
  refinetree        : 2.18 seconds
  balancetree       : 0.48 seconds
  balanceload       : 9.77 seconds
  extractmesh       : 4.48 seconds
Time/(elem/PE)      : 0.014 millisec

Max CVM qtime (ref) : 1.89 seconds
Max CVM qtime (bal) : 0.04 seconds

------------------------------------------------------------

Solving time        : 5008.27 seconds
   The minima in solving time:
       Section B min: 59.49 seconds :: planes loop
       Section C min: 0.00 seconds :: read my forces
       Section D min: 0.00 seconds :: compute addforces s
       Section E min: 3691.77 seconds :: compute addforces e
           Section E1 min: 193.43 seconds :: compute addforces e
           Section E2 min: 3019.34 seconds :: compute addforces e
           Section E3 min: 162.88 seconds :: compute addforces e
       Section F min: 0.11 seconds :: 1st schedule send data (contribution)
       Section G min: 3.54 seconds :: 1st compute adjust (distribution)
       Section H min: 1.87 seconds :: 2nd schedule send data (contribution)
       Section I min: 73.31 seconds :: compute new displacement
       Section J min: 3.02 seconds :: 3rd schedule send data (sharing)
       Section K min: 4.35 seconds :: 2nd compute adjust (assignment)
       Section L min: 0.06 seconds :: 4th schadule send data (sharing)
       Section s min: 0.00 seconds :: Stations

   The maxima in solving time:
       Section B max: 95.35 seconds :: planes loop
       Section C max: 0.07 seconds :: read my forces
       Section D max: 0.00 seconds :: compute addforces s
       Section E max: 4595.04 seconds :: compute addforces e
           Section E1 max: 266.88 seconds :: compute addforces e
           Section E2 max: 3804.72 seconds :: compute addforces e
           Section E3 max: 262.51 seconds :: compute addforces e
       Section F max: 759.19 seconds :: 1st schedule send data (contribution)
       Section G max: 20.84 seconds :: 1st compute adjust (distribution)
       Section H max: 320.37 seconds :: 2nd schedule send data (contribution)
       Section I max: 187.88 seconds :: compute new displacement
       Section J max: 509.61 seconds :: 3rd schedule send data (sharing)
       Section K max: 21.10 seconds :: 2nd compute adjust (assignment)
       Section L max: 241.12 seconds :: 4th schadule send data (sharing)
       Section s max: 0.00 seconds :: Stations

Time/step           : 1.251754 seconds
Time/step/(elem/PE) : 0.001044 millisec

------------------------------------------------------------

Planes I_O time     : 94.06 seconds
Communication time  : 0.00 seconds

------------------------------------------------------------

Mesh output time    : 13.10 seconds
Mesh output size    : 3402.63 MB
Mesh output rate    : 259.67 MB/sec
4D output time      : 1.63 seconds
4D output size      : 910.67 MB
4D output rate      : 558.57 MB/sec

------------------------------------------------------------
Monitor output time  :   0.37 sec
Checkpoint write time:   0.00 sec
------------------------------------------------------------
 21 In concat totalMemoryReq= 768192  BUFFERSIZE=100000000*